<?xml version="1.0" encoding="UTF-8"?>
<!-- Generated by org.testng.reporters.JUnitReportReporter -->
<testsuite hostname="XYZ" failures="0" tests="2" name="com.runner.run1" time="40.610" errors="0" timestamp="2020-06-10T11:47:20 IST" skipped="0">
  <testcase classname="com.runner.run1" name="runScenario" time="14.767"/>
  <testcase classname="com.runner.run1" name="runScenario" time="25.843"/>
</testsuite> <!-- com.runner.run1 -->
